[*] yolo_infer :: ncu on Top5 kernels
[WARN] No kernel regex generated; will let ncu match first launches only.
[2025-10-22 19:39:51] CMD: env ncu -f --target-processes all --kernel-name-base demangled --launch-count 1 -o /nfs/3D/zhangleichao/zhangleichao/edge10_ws/ncu_dir/scripts/bash_metric/./out/yolo_infer/ncu/yolo_infer.ncu-rep --section LaunchStats --section SpeedOfLight --section WarpStateStats --section MemoryWorkloadAnalysis /bin/bash -lc pixi run yolo-infer -- --nvtx
[*] yolo_infer :: ncu on Top5 kernels
[WARN] No kernel regex generated; will let ncu match first launches only.
[2025-10-22 19:41:06] CMD: env ncu -f --target-processes all --kernel-name-base demangled --launch-count 1 -o /nfs/3D/zhangleichao/zhangleichao/edge10_ws/ncu_dir/scripts/bash_metric/./out/yolo_infer/ncu/yolo_infer.ncu-rep --section LaunchStats --section SpeedOfLight --section WarpStateStats --section MemoryWorkloadAnalysis /bin/bash -lc pixi run yolo-infer -- --nvtx
yolo-infer: command not found

Available tasks:
	sgemm-bench
	sgemm-build
	sgemm-ncu
	sgemm-run
==ERROR== The application returned an error code (127).
[2025-10-22 19:41:10] RC: 127
[ERROR] ncu profiling failed for yolo_infer
[*] yolo_infer :: ncu export raw CSV
[2025-10-22 19:41:10] CMD: ncu --import /nfs/3D/zhangleichao/zhangleichao/edge10_ws/ncu_dir/scripts/bash_metric/./out/yolo_infer/ncu/yolo_infer.ncu-rep --page raw --csv
==ERROR== Could not open report file '/nfs/3D/zhangleichao/zhangleichao/edge10_ws/ncu_dir/scripts/bash_metric/./out/yolo_infer/ncu/yolo_infer.ncu-rep'.
==ERROR== The file does not exist or is not a regular file.
[2025-10-22 19:41:11] RC: 1
[ERROR] ncu export raw CSV failed for yolo_infer
[*] yolo_infer :: ncu on Top5 kernels
[WARN] No kernel regex generated; will let ncu match first launches only.
[2025-10-22 19:42:43] CMD: env ncu -f --target-processes all --kernel-name-base demangled --launch-count 1 -o /nfs/3D/zhangleichao/zhangleichao/edge10_ws/ncu_dir/scripts/bash_metric/./out/yolo_infer/ncu/yolo_infer.ncu-rep --section LaunchStats --section SpeedOfLight --section WarpStateStats --section MemoryWorkloadAnalysis /bin/bash -lc pixi run yolo-infer -- --nvtx
